  Source.cpp
C:\Users\Sayyid Mogaka\source\repos\LAB_1_Blending_Mogaka\LAB_1_Blending_Mogaka\Source.cpp(17,39): warning C4566: character represented by universal-character-name '\u041E' cannot be represented in the current code page (1252)
C:\Users\Sayyid Mogaka\source\repos\LAB_1_Blending_Mogaka\LAB_1_Blending_Mogaka\Source.cpp(17,39): warning C4566: character represented by universal-character-name '\u0448' cannot be represented in the current code page (1252)
C:\Users\Sayyid Mogaka\source\repos\LAB_1_Blending_Mogaka\LAB_1_Blending_Mogaka\Source.cpp(17,39): warning C4566: character represented by universal-character-name '\u0438' cannot be represented in the current code page (1252)
C:\Users\Sayyid Mogaka\source\repos\LAB_1_Blending_Mogaka\LAB_1_Blending_Mogaka\Source.cpp(17,39): warning C4566: character represented by universal-character-name '\u0431' cannot be represented in the current code page (1252)
C:\Users\Sayyid Mogaka\source\repos\LAB_1_Blending_Mogaka\LAB_1_Blending_Mogaka\Source.cpp(17,39): warning C4566: character represented by universal-character-name '\u043A' cannot be represented in the current code page (1252)
C:\Users\Sayyid Mogaka\source\repos\LAB_1_Blending_Mogaka\LAB_1_Blending_Mogaka\Source.cpp(17,39): warning C4566: character represented by universal-character-name '\u0430' cannot be represented in the current code page (1252)
C:\Users\Sayyid Mogaka\source\repos\LAB_1_Blending_Mogaka\LAB_1_Blending_Mogaka\Source.cpp(17,39): warning C4566: character represented by universal-character-name '\u0437' cannot be represented in the current code page (1252)
C:\Users\Sayyid Mogaka\source\repos\LAB_1_Blending_Mogaka\LAB_1_Blending_Mogaka\Source.cpp(17,39): warning C4566: character represented by universal-character-name '\u0433' cannot be represented in the current code page (1252)
C:\Users\Sayyid Mogaka\source\repos\LAB_1_Blending_Mogaka\LAB_1_Blending_Mogaka\Source.cpp(17,39): warning C4566: character represented by universal-character-name '\u0440' cannot be represented in the current code page (1252)
C:\Users\Sayyid Mogaka\source\repos\LAB_1_Blending_Mogaka\LAB_1_Blending_Mogaka\Source.cpp(17,39): warning C4566: character represented by universal-character-name '\u0443' cannot be represented in the current code page (1252)
C:\Users\Sayyid Mogaka\source\repos\LAB_1_Blending_Mogaka\LAB_1_Blending_Mogaka\Source.cpp(17,39): warning C4566: character represented by universal-character-name '\u043E' cannot be represented in the current code page (1252)
C:\Users\Sayyid Mogaka\source\repos\LAB_1_Blending_Mogaka\LAB_1_Blending_Mogaka\Source.cpp(17,39): warning C4566: character represented by universal-character-name '\u0436' cannot be represented in the current code page (1252)
C:\Users\Sayyid Mogaka\source\repos\LAB_1_Blending_Mogaka\LAB_1_Blending_Mogaka\Source.cpp(17,39): warning C4566: character represented by universal-character-name '\u0435' cannot be represented in the current code page (1252)
C:\Users\Sayyid Mogaka\source\repos\LAB_1_Blending_Mogaka\LAB_1_Blending_Mogaka\Source.cpp(17,39): warning C4566: character represented by universal-character-name '\u043D' cannot be represented in the current code page (1252)
C:\Users\Sayyid Mogaka\source\repos\LAB_1_Blending_Mogaka\LAB_1_Blending_Mogaka\Source.cpp(21,39): warning C4566: character represented by universal-character-name '\u041E' cannot be represented in the current code page (1252)
C:\Users\Sayyid Mogaka\source\repos\LAB_1_Blending_Mogaka\LAB_1_Blending_Mogaka\Source.cpp(21,39): warning C4566: character represented by universal-character-name '\u0448' cannot be represented in the current code page (1252)
C:\Users\Sayyid Mogaka\source\repos\LAB_1_Blending_Mogaka\LAB_1_Blending_Mogaka\Source.cpp(21,39): warning C4566: character represented by universal-character-name '\u0438' cannot be represented in the current code page (1252)
C:\Users\Sayyid Mogaka\source\repos\LAB_1_Blending_Mogaka\LAB_1_Blending_Mogaka\Source.cpp(21,39): warning C4566: character represented by universal-character-name '\u0431' cannot be represented in the current code page (1252)
C:\Users\Sayyid Mogaka\source\repos\LAB_1_Blending_Mogaka\LAB_1_Blending_Mogaka\Source.cpp(21,39): warning C4566: character represented by universal-character-name '\u043A' cannot be represented in the current code page (1252)
C:\Users\Sayyid Mogaka\source\repos\LAB_1_Blending_Mogaka\LAB_1_Blending_Mogaka\Source.cpp(21,39): warning C4566: character represented by universal-character-name '\u0430' cannot be represented in the current code page (1252)
C:\Users\Sayyid Mogaka\source\repos\LAB_1_Blending_Mogaka\LAB_1_Blending_Mogaka\Source.cpp(21,39): warning C4566: character represented by universal-character-name '\u0437' cannot be represented in the current code page (1252)
C:\Users\Sayyid Mogaka\source\repos\LAB_1_Blending_Mogaka\LAB_1_Blending_Mogaka\Source.cpp(21,39): warning C4566: character represented by universal-character-name '\u0433' cannot be represented in the current code page (1252)
C:\Users\Sayyid Mogaka\source\repos\LAB_1_Blending_Mogaka\LAB_1_Blending_Mogaka\Source.cpp(21,39): warning C4566: character represented by universal-character-name '\u0440' cannot be represented in the current code page (1252)
C:\Users\Sayyid Mogaka\source\repos\LAB_1_Blending_Mogaka\LAB_1_Blending_Mogaka\Source.cpp(21,39): warning C4566: character represented by universal-character-name '\u0443' cannot be represented in the current code page (1252)
C:\Users\Sayyid Mogaka\source\repos\LAB_1_Blending_Mogaka\LAB_1_Blending_Mogaka\Source.cpp(21,39): warning C4566: character represented by universal-character-name '\u043E' cannot be represented in the current code page (1252)
C:\Users\Sayyid Mogaka\source\repos\LAB_1_Blending_Mogaka\LAB_1_Blending_Mogaka\Source.cpp(21,39): warning C4566: character represented by universal-character-name '\u0436' cannot be represented in the current code page (1252)
C:\Users\Sayyid Mogaka\source\repos\LAB_1_Blending_Mogaka\LAB_1_Blending_Mogaka\Source.cpp(21,39): warning C4566: character represented by universal-character-name '\u0435' cannot be represented in the current code page (1252)
C:\Users\Sayyid Mogaka\source\repos\LAB_1_Blending_Mogaka\LAB_1_Blending_Mogaka\Source.cpp(21,39): warning C4566: character represented by universal-character-name '\u043D' cannot be represented in the current code page (1252)
C:\Users\Sayyid Mogaka\source\repos\LAB_1_Blending_Mogaka\LAB_1_Blending_Mogaka\Source.cpp(25,34): warning C4566: character represented by universal-character-name '\u041E' cannot be represented in the current code page (1252)
C:\Users\Sayyid Mogaka\source\repos\LAB_1_Blending_Mogaka\LAB_1_Blending_Mogaka\Source.cpp(25,34): warning C4566: character represented by universal-character-name '\u0448' cannot be represented in the current code page (1252)
C:\Users\Sayyid Mogaka\source\repos\LAB_1_Blending_Mogaka\LAB_1_Blending_Mogaka\Source.cpp(25,34): warning C4566: character represented by universal-character-name '\u0438' cannot be represented in the current code page (1252)
C:\Users\Sayyid Mogaka\source\repos\LAB_1_Blending_Mogaka\LAB_1_Blending_Mogaka\Source.cpp(25,34): warning C4566: character represented by universal-character-name '\u0431' cannot be represented in the current code page (1252)
C:\Users\Sayyid Mogaka\source\repos\LAB_1_Blending_Mogaka\LAB_1_Blending_Mogaka\Source.cpp(25,34): warning C4566: character represented by universal-character-name '\u043A' cannot be represented in the current code page (1252)
C:\Users\Sayyid Mogaka\source\repos\LAB_1_Blending_Mogaka\LAB_1_Blending_Mogaka\Source.cpp(25,34): warning C4566: character represented by universal-character-name '\u0430' cannot be represented in the current code page (1252)
C:\Users\Sayyid Mogaka\source\repos\LAB_1_Blending_Mogaka\LAB_1_Blending_Mogaka\Source.cpp(25,34): warning C4566: character represented by universal-character-name '\u0437' cannot be represented in the current code page (1252)
C:\Users\Sayyid Mogaka\source\repos\LAB_1_Blending_Mogaka\LAB_1_Blending_Mogaka\Source.cpp(25,34): warning C4566: character represented by universal-character-name '\u0433' cannot be represented in the current code page (1252)
C:\Users\Sayyid Mogaka\source\repos\LAB_1_Blending_Mogaka\LAB_1_Blending_Mogaka\Source.cpp(25,34): warning C4566: character represented by universal-character-name '\u0440' cannot be represented in the current code page (1252)
C:\Users\Sayyid Mogaka\source\repos\LAB_1_Blending_Mogaka\LAB_1_Blending_Mogaka\Source.cpp(25,34): warning C4566: character represented by universal-character-name '\u0443' cannot be represented in the current code page (1252)
C:\Users\Sayyid Mogaka\source\repos\LAB_1_Blending_Mogaka\LAB_1_Blending_Mogaka\Source.cpp(25,34): warning C4566: character represented by universal-character-name '\u043E' cannot be represented in the current code page (1252)
C:\Users\Sayyid Mogaka\source\repos\LAB_1_Blending_Mogaka\LAB_1_Blending_Mogaka\Source.cpp(25,34): warning C4566: character represented by universal-character-name '\u0436' cannot be represented in the current code page (1252)
C:\Users\Sayyid Mogaka\source\repos\LAB_1_Blending_Mogaka\LAB_1_Blending_Mogaka\Source.cpp(25,34): warning C4566: character represented by universal-character-name '\u0435' cannot be represented in the current code page (1252)
C:\Users\Sayyid Mogaka\source\repos\LAB_1_Blending_Mogaka\LAB_1_Blending_Mogaka\Source.cpp(25,34): warning C4566: character represented by universal-character-name '\u043D' cannot be represented in the current code page (1252)
  LAB_1_Blending_Mogaka.vcxproj -> C:\Users\Sayyid Mogaka\source\repos\LAB_1_Blending_Mogaka\x64\Debug\LAB_1_Blending_Mogaka.exe
